running develop
running egg_info
creating control2.egg-info
writing control2.egg-info/PKG-INFO
writing dependency_links to control2.egg-info/dependency_links.txt
writing entry points to control2.egg-info/entry_points.txt
writing requirements to control2.egg-info/requires.txt
writing top-level names to control2.egg-info/top_level.txt
writing manifest file 'control2.egg-info/SOURCES.txt'
reading manifest file 'control2.egg-info/SOURCES.txt'
writing manifest file 'control2.egg-info/SOURCES.txt'
running build_ext
Creating /home/ananth/ros2_ws/install/control2/lib/python3.10/site-packages/control2.egg-link (link to .)

Installed /home/ananth/ros2_ws/build/control2
running symlink_data
creating /home/ananth/ros2_ws/install/control2/share/ament_index
creating /home/ananth/ros2_ws/install/control2/share/ament_index/resource_index
creating /home/ananth/ros2_ws/install/control2/share/ament_index/resource_index/packages
symbolically linking /home/ananth/ros2_ws/build/control2/resource/control2 -> /home/ananth/ros2_ws/install/control2/share/ament_index/resource_index/packages
symbolically linking /home/ananth/ros2_ws/build/control2/package.xml -> /home/ananth/ros2_ws/install/control2/share/control2
