[0.741s] Invoking command in '/home/ananth/ros2_ws/build/control2': PYTHONPATH=/home/ananth/ros2_ws/build/control2/prefix_override:/usr/lib/python3/dist-packages/colcon_core/task/python/colcon_distutils_commands:/home/ananth/ros2_ws/install/control2/lib/python3.10/site-packages:${PYTHONPATH} /usr/bin/python3 -W ignore:setup.py install is deprecated -W ignore:easy_install command is deprecated setup.py develop --editable --build-directory /home/ananth/ros2_ws/build/control2/build --no-deps symlink_data
[0.993s] running develop
[1.158s] running egg_info
[1.158s] creating control2.egg-info
[1.158s] writing control2.egg-info/PKG-INFO
[1.158s] writing dependency_links to control2.egg-info/dependency_links.txt
[1.158s] writing entry points to control2.egg-info/entry_points.txt
[1.159s] writing requirements to control2.egg-info/requires.txt
[1.159s] writing top-level names to control2.egg-info/top_level.txt
[1.159s] writing manifest file 'control2.egg-info/SOURCES.txt'
[1.160s] reading manifest file 'control2.egg-info/SOURCES.txt'
[1.161s] writing manifest file 'control2.egg-info/SOURCES.txt'
[1.163s] running build_ext
[1.163s] Creating /home/ananth/ros2_ws/install/control2/lib/python3.10/site-packages/control2.egg-link (link to .)
[1.164s] 
[1.164s] Installed /home/ananth/ros2_ws/build/control2
[1.164s] running symlink_data
[1.164s] creating /home/ananth/ros2_ws/install/control2/share/ament_index
[1.164s] creating /home/ananth/ros2_ws/install/control2/share/ament_index/resource_index
[1.165s] creating /home/ananth/ros2_ws/install/control2/share/ament_index/resource_index/packages
[1.165s] symbolically linking /home/ananth/ros2_ws/build/control2/resource/control2 -> /home/ananth/ros2_ws/install/control2/share/ament_index/resource_index/packages
[1.165s] symbolically linking /home/ananth/ros2_ws/build/control2/package.xml -> /home/ananth/ros2_ws/install/control2/share/control2
[1.193s] Invoked command in '/home/ananth/ros2_ws/build/control2' returned '0': PYTHONPATH=/home/ananth/ros2_ws/build/control2/prefix_override:/usr/lib/python3/dist-packages/colcon_core/task/python/colcon_distutils_commands:/home/ananth/ros2_ws/install/control2/lib/python3.10/site-packages:${PYTHONPATH} /usr/bin/python3 -W ignore:setup.py install is deprecated -W ignore:easy_install command is deprecated setup.py develop --editable --build-directory /home/ananth/ros2_ws/build/control2/build --no-deps symlink_data
