running develop
running egg_info
creating control2.egg-info
writing control2.egg-info/PKG-INFO
writing dependency_links to control2.egg-info/dependency_links.txt
writing entry points to control2.egg-info/entry_points.txt
writing requirements to control2.egg-info/requires.txt
writing top-level names to control2.egg-info/top_level.txt
writing manifest file 'control2.egg-info/SOURCES.txt'
reading manifest file 'control2.egg-info/SOURCES.txt'
writing manifest file 'control2.egg-info/SOURCES.txt'
running build_ext
Creating /home/ananth/ros2_ws/install/control2/lib/python3.10/site-packages/control2.egg-link (link to .)
Installing case1 script to /home/ananth/ros2_ws/install/control2/lib/control2
Installing case2 script to /home/ananth/ros2_ws/install/control2/lib/control2
Installing cone_detector script to /home/ananth/ros2_ws/install/control2/lib/control2
Installing fullboi script to /home/ananth/ros2_ws/install/control2/lib/control2

Installed /home/ananth/ros2_ws/build/control2
running symlink_data
creating /home/ananth/ros2_ws/install/control2/share/ament_index
creating /home/ananth/ros2_ws/install/control2/share/ament_index/resource_index
creating /home/ananth/ros2_ws/install/control2/share/ament_index/resource_index/packages
symbolically linking /home/ananth/ros2_ws/build/control2/resource/control2 -> /home/ananth/ros2_ws/install/control2/share/ament_index/resource_index/packages
symbolically linking /home/ananth/ros2_ws/build/control2/package.xml -> /home/ananth/ros2_ws/install/control2/share/control2
creating /home/ananth/ros2_ws/install/control2/share/control2/launch
symbolically linking /home/ananth/ros2_ws/build/control2/launch/display.launch.py -> /home/ananth/ros2_ws/install/control2/share/control2/launch
symbolically linking /home/ananth/ros2_ws/build/control2/launch/dual_ekf_navsat.launch.py -> /home/ananth/ros2_ws/install/control2/share/control2/launch
symbolically linking /home/ananth/ros2_ws/build/control2/launch/joy.launch.py -> /home/ananth/ros2_ws/install/control2/share/control2/launch
creating /home/ananth/ros2_ws/install/control2/share/control2/urdf
symbolically linking /home/ananth/ros2_ws/build/control2/urdf/rover_description.urdf.xacro -> /home/ananth/ros2_ws/install/control2/share/control2/urdf
creating /home/ananth/ros2_ws/install/control2/share/control2/config
symbolically linking /home/ananth/ros2_ws/build/control2/config/ekf_local.yaml -> /home/ananth/ros2_ws/install/control2/share/control2/config
symbolically linking /home/ananth/ros2_ws/build/control2/config/navsat_transform.yaml -> /home/ananth/ros2_ws/install/control2/share/control2/config
symbolically linking /home/ananth/ros2_ws/build/control2/config/ekf_global.yaml -> /home/ananth/ros2_ws/install/control2/share/control2/config
symbolically linking /home/ananth/ros2_ws/build/control2/config/mapper_params_online_async.yaml -> /home/ananth/ros2_ws/install/control2/share/control2/config
creating /home/ananth/ros2_ws/install/control2/share/control2/rviz
