[0.325s] DEBUG:colcon:Command line arguments: ['/usr/bin/colcon', 'list', '-p', '--base-paths', '/home/ananth/ros2_ws/src/control2/control2', '--log-base', '/dev/null']
[0.325s] DEBUG:colcon:Parsed command line arguments: Namespace(log_base=None, log_level=None, verb_name='list', build_base='build', ignore_user_meta=False, metas=['./colcon.meta'], base_paths=['/home/ananth/ros2_ws/src/control2/control2', '--log-base', '/dev/null'], packages_ignore=None, packages_ignore_regex=None, paths=None, packages_up_to=None, packages_up_to_regex=None, packages_above=None, packages_above_and_dependencies=None, packages_above_depth=None, packages_select_by_dep=None, packages_skip_by_dep=None, packages_skip_up_to=None, packages_select_build_failed=False, packages_skip_build_finished=False, packages_select_test_failures=False, packages_skip_test_passed=False, packages_select=None, packages_skip=None, packages_select_regex=None, packages_skip_regex=None, packages_start=None, packages_end=None, allow_overriding=[], topological_order=False, names_only=False, paths_only=True, topological_graph=False, topological_graph_dot=False, topological_graph_density=False, topological_graph_legend=False, topological_graph_dot_cluster=False, topological_graph_dot_include_skipped=False, mixin_files=None, mixin=None, verb_parser=<colcon_mixin.mixin.mixin_argument.MixinArgumentDecorator object at 0x7628d6990f40>, verb_extension=<colcon_package_information.verb.list.ListVerb object at 0x7628d695ff10>, main=<bound method ListVerb.main of <colcon_package_information.verb.list.ListVerb object at 0x7628d695ff10>>, mixin_verb=('list',))
[1.284s] Level 1:colcon.colcon_core.package_discovery:discover_packages(colcon_meta) check parameters
[1.284s] Level 1:colcon.colcon_core.package_discovery:discover_packages(recursive) check parameters
[1.284s] Level 1:colcon.colcon_core.package_discovery:discover_packages(ignore) check parameters
[1.284s] Level 1:colcon.colcon_core.package_discovery:discover_packages(path) check parameters
[1.284s] Level 1:colcon.colcon_core.package_discovery:discover_packages(recursive) discover
[1.285s] INFO:colcon.colcon_core.package_discovery:Crawling recursively for packages in '/home/ananth/ros2_ws/src/control2/control2', '/home/ananth/ros2_ws/src/control2/control2/--log-base', '/dev/null'
[1.285s] Level 1:colcon.colcon_core.package_identification:_identify(/home/ananth/ros2_ws/src/control2/control2) by extensions ['ignore', 'ignore_ament_install']
[1.285s] Level 1:colcon.colcon_core.package_identification:_identify(/home/ananth/ros2_ws/src/control2/control2) by extension 'ignore'
[1.287s] Level 1:colcon.colcon_core.package_identification:_identify(/home/ananth/ros2_ws/src/control2/control2) by extension 'ignore_ament_install'
[1.288s] Level 1:colcon.colcon_core.package_identification:_identify(/home/ananth/ros2_ws/src/control2/control2) by extensions ['colcon_pkg']
[1.288s] Level 1:colcon.colcon_core.package_identification:_identify(/home/ananth/ros2_ws/src/control2/control2) by extension 'colcon_pkg'
[1.290s] Level 1:colcon.colcon_core.package_identification:_identify(/home/ananth/ros2_ws/src/control2/control2) by extensions ['colcon_meta']
[1.290s] Level 1:colcon.colcon_core.package_identification:_identify(/home/ananth/ros2_ws/src/control2/control2) by extension 'colcon_meta'
[1.290s] Level 1:colcon.colcon_core.package_identification:_identify(/home/ananth/ros2_ws/src/control2/control2) by extensions ['ros']
[1.290s] Level 1:colcon.colcon_core.package_identification:_identify(/home/ananth/ros2_ws/src/control2/control2) by extension 'ros'
[1.318s] Level 1:colcon.colcon_core.package_identification:_identify(/home/ananth/ros2_ws/src/control2/control2) by extensions ['cmake', 'python']
[1.319s] Level 1:colcon.colcon_core.package_identification:_identify(/home/ananth/ros2_ws/src/control2/control2) by extension 'cmake'
[1.319s] Level 1:colcon.colcon_core.package_identification:_identify(/home/ananth/ros2_ws/src/control2/control2) by extension 'python'
[1.319s] Level 1:colcon.colcon_core.package_identification:_identify(/home/ananth/ros2_ws/src/control2/control2) by extensions ['python_setup_py']
[1.319s] Level 1:colcon.colcon_core.package_identification:_identify(/home/ananth/ros2_ws/src/control2/control2) by extension 'python_setup_py'
[1.319s] Level 1:colcon.colcon_core.package_identification:_identify(/home/ananth/ros2_ws/src/control2/control2/log) by extensions ['ignore', 'ignore_ament_install']
[1.319s] Level 1:colcon.colcon_core.package_identification:_identify(/home/ananth/ros2_ws/src/control2/control2/log) by extension 'ignore'
[1.319s] Level 1:colcon.colcon_core.package_identification:_identify(/home/ananth/ros2_ws/src/control2/control2/log) ignored
[1.320s] Level 1:colcon.colcon_core.package_discovery:discover_packages(recursive) using defaults
